{"level":"info","message":"POST /user/Registration","timestamp":"2024-04-03T10:57:17.946Z"}
{"level":"info","message":"POST /user/Registration","timestamp":"2024-04-03T11:02:01.772Z"}
{"level":"info","message":"POST /user/Registration","timestamp":"2024-04-03T11:05:50.444Z"}
{"level":"error","message":"MongoServerError: E11000 duplicate key error collection: test.users index: email_1 dup key: { email: \"kunaldada123@gmail.com\" }\n    at InsertOneOperation.execute (C:\\coding\\aeonaxy\\node_modules\\mongodb\\lib\\operations\\insert.js:48:19)\n    at process.processTicksAndRejections (node:internal/process/task_queues:95:5)\n    at async executeOperationAsync (C:\\coding\\aeonaxy\\node_modules\\mongodb\\lib\\operations\\execute_operation.js:106:16)","timestamp":"2024-04-03T11:05:50.498Z"}
{"level":"info","message":"POST /user/Registration","timestamp":"2024-04-03T11:06:46.130Z"}
{"level":"info","message":"POST /user/Registration","timestamp":"2024-04-03T11:06:55.257Z"}
{"level":"error","message":"MongoServerError: E11000 duplicate key error collection: test.users index: email_1 dup key: { email: \"kunaldada1234@gmail.com\" }\n    at InsertOneOperation.execute (C:\\coding\\aeonaxy\\node_modules\\mongodb\\lib\\operations\\insert.js:48:19)\n    at process.processTicksAndRejections (node:internal/process/task_queues:95:5)\n    at async executeOperationAsync (C:\\coding\\aeonaxy\\node_modules\\mongodb\\lib\\operations\\execute_operation.js:106:16)","timestamp":"2024-04-03T11:06:55.346Z"}
{"level":"info","message":"PUT /user/660cd6c452776b14b6278a8c","timestamp":"2024-04-03T11:08:49.381Z"}
{"level":"info","message":"POST /user/login","timestamp":"2024-04-03T12:06:33.480Z"}
{"level":"info","message":"POST /course","timestamp":"2024-04-03T12:06:54.042Z"}
{"level":"info","message":"POST /course","timestamp":"2024-04-03T12:07:02.895Z"}
{"level":"info","message":"POST /course","timestamp":"2024-04-03T12:07:03.953Z"}
{"level":"info","message":"POST /user/login","timestamp":"2024-04-03T12:07:11.385Z"}
{"level":"info","message":"POST /user/login","timestamp":"2024-04-03T12:07:12.368Z"}
{"level":"info","message":"POST /course","timestamp":"2024-04-03T12:07:25.342Z"}
{"level":"error","message":"ValidationError: Course validation failed: category: `fronted` is not a valid enum value for path `category`.\n    at Document.invalidate (C:\\coding\\aeonaxy\\node_modules\\mongoose\\lib\\document.js:3200:32)\n    at C:\\coding\\aeonaxy\\node_modules\\mongoose\\lib\\document.js:2993:17\n    at C:\\coding\\aeonaxy\\node_modules\\mongoose\\lib\\schemaType.js:1370:9\n    at process.processTicksAndRejections (node:internal/process/task_queues:77:11)","timestamp":"2024-04-03T12:07:25.385Z"}
{"level":"info","message":"POST /course","timestamp":"2024-04-03T12:07:36.467Z"}
{"level":"error","message":"ValidationError: Course validation failed: category: `fronted` is not a valid enum value for path `category`.\n    at Document.invalidate (C:\\coding\\aeonaxy\\node_modules\\mongoose\\lib\\document.js:3200:32)\n    at C:\\coding\\aeonaxy\\node_modules\\mongoose\\lib\\document.js:2993:17\n    at C:\\coding\\aeonaxy\\node_modules\\mongoose\\lib\\schemaType.js:1370:9\n    at process.processTicksAndRejections (node:internal/process/task_queues:77:11)","timestamp":"2024-04-03T12:07:36.487Z"}
{"level":"info","message":"POST /course","timestamp":"2024-04-03T12:08:20.688Z"}
{"level":"info","message":"POST /course","timestamp":"2024-04-03T12:08:33.501Z"}
{"level":"info","message":"POST /course","timestamp":"2024-04-03T12:08:44.947Z"}
{"level":"info","message":"POST /course","timestamp":"2024-04-03T12:08:55.838Z"}
{"level":"info","message":"POST /course","timestamp":"2024-04-03T12:09:53.079Z"}
{"level":"info","message":"GET /course","timestamp":"2024-04-03T12:10:03.910Z"}
{"level":"info","message":"GET /course?duration=6","timestamp":"2024-04-03T12:11:24.737Z"}
{"level":"info","message":"GET /course?duration=8","timestamp":"2024-04-03T12:18:00.366Z"}
{"level":"info","message":"POST /course","timestamp":"2024-04-03T12:19:32.353Z"}
{"level":"info","message":"GET /course?duration=6","timestamp":"2024-04-03T12:19:52.065Z"}
{"level":"info","message":"GET /course?duration=6&page%20=2","timestamp":"2024-04-04T01:43:09.704Z"}
{"level":"info","message":"GET /course?duration=6&page%20=2","timestamp":"2024-04-04T01:44:01.510Z"}
{"level":"info","message":"GET /course?duration=6&page%20=2","timestamp":"2024-04-04T01:44:03.173Z"}
{"level":"info","message":"GET /course?duration=6&page%20=2","timestamp":"2024-04-04T01:45:37.028Z"}
{"level":"info","message":"GET /course?duration=6&page%20=2","timestamp":"2024-04-04T01:45:38.032Z"}
{"level":"info","message":"GET /course?duration=6&page%20=2","timestamp":"2024-04-04T01:46:14.168Z"}
{"level":"info","message":"GET /course?duration=6&page%20=2","timestamp":"2024-04-04T01:46:15.533Z"}
{"level":"info","message":"GET /course?duration=6&page%20=2","timestamp":"2024-04-04T01:49:11.601Z"}
{"level":"info","message":"GET /course?duration=6&page%20=2","timestamp":"2024-04-04T01:49:12.463Z"}
{"level":"info","message":"GET /course?duration=6&sort=2","timestamp":"2024-04-04T01:49:33.138Z"}
{"level":"info","message":"GET /course?duration=6&page=2","timestamp":"2024-04-04T01:49:42.655Z"}
{"level":"info","message":"GET /course?duration=6&page=2","timestamp":"2024-04-04T01:49:58.145Z"}
{"level":"info","message":"GET /course?duration=6&page=2","timestamp":"2024-04-04T02:02:24.557Z"}
{"level":"info","message":"GET /course?duration=6","timestamp":"2024-04-04T02:59:50.913Z"}
{"level":"error","message":"ReferenceError: Tour is not defined\n    at C:\\coding\\aeonaxy\\routes\\courseRoute.js:13:41\n    at Layer.handle [as handle_request] (C:\\coding\\aeonaxy\\node_modules\\express\\lib\\router\\layer.js:95:5)\n    at next (C:\\coding\\aeonaxy\\node_modules\\express\\lib\\router\\route.js:149:13)\n    at Route.dispatch (C:\\coding\\aeonaxy\\node_modules\\express\\lib\\router\\route.js:119:3)\n    at Layer.handle [as handle_request] (C:\\coding\\aeonaxy\\node_modules\\express\\lib\\router\\layer.js:95:5)\n    at C:\\coding\\aeonaxy\\node_modules\\express\\lib\\router\\index.js:284:15\n    at Function.process_params (C:\\coding\\aeonaxy\\node_modules\\express\\lib\\router\\index.js:346:12)\n    at next (C:\\coding\\aeonaxy\\node_modules\\express\\lib\\router\\index.js:280:10)\n    at Function.handle (C:\\coding\\aeonaxy\\node_modules\\express\\lib\\router\\index.js:175:3)\n    at router (C:\\coding\\aeonaxy\\node_modules\\express\\lib\\router\\index.js:47:12)","timestamp":"2024-04-04T02:59:50.916Z"}
{"level":"info","message":"GET /course?duration=6","timestamp":"2024-04-04T02:59:52.246Z"}
{"level":"error","message":"ReferenceError: Tour is not defined\n    at C:\\coding\\aeonaxy\\routes\\courseRoute.js:13:41\n    at Layer.handle [as handle_request] (C:\\coding\\aeonaxy\\node_modules\\express\\lib\\router\\layer.js:95:5)\n    at next (C:\\coding\\aeonaxy\\node_modules\\express\\lib\\router\\route.js:149:13)\n    at Route.dispatch (C:\\coding\\aeonaxy\\node_modules\\express\\lib\\router\\route.js:119:3)\n    at Layer.handle [as handle_request] (C:\\coding\\aeonaxy\\node_modules\\express\\lib\\router\\layer.js:95:5)\n    at C:\\coding\\aeonaxy\\node_modules\\express\\lib\\router\\index.js:284:15\n    at Function.process_params (C:\\coding\\aeonaxy\\node_modules\\express\\lib\\router\\index.js:346:12)\n    at next (C:\\coding\\aeonaxy\\node_modules\\express\\lib\\router\\index.js:280:10)\n    at Function.handle (C:\\coding\\aeonaxy\\node_modules\\express\\lib\\router\\index.js:175:3)\n    at router (C:\\coding\\aeonaxy\\node_modules\\express\\lib\\router\\index.js:47:12)","timestamp":"2024-04-04T02:59:52.248Z"}
{"level":"info","message":"GET /course?duration=6","timestamp":"2024-04-04T03:00:11.216Z"}
{"level":"error","message":"ReferenceError: query is not defined\n    at C:\\coding\\aeonaxy\\routes\\courseRoute.js:18:21\n    at Layer.handle [as handle_request] (C:\\coding\\aeonaxy\\node_modules\\express\\lib\\router\\layer.js:95:5)\n    at next (C:\\coding\\aeonaxy\\node_modules\\express\\lib\\router\\route.js:149:13)\n    at Route.dispatch (C:\\coding\\aeonaxy\\node_modules\\express\\lib\\router\\route.js:119:3)\n    at Layer.handle [as handle_request] (C:\\coding\\aeonaxy\\node_modules\\express\\lib\\router\\layer.js:95:5)\n    at C:\\coding\\aeonaxy\\node_modules\\express\\lib\\router\\index.js:284:15\n    at Function.process_params (C:\\coding\\aeonaxy\\node_modules\\express\\lib\\router\\index.js:346:12)\n    at next (C:\\coding\\aeonaxy\\node_modules\\express\\lib\\router\\index.js:280:10)\n    at Function.handle (C:\\coding\\aeonaxy\\node_modules\\express\\lib\\router\\index.js:175:3)\n    at router (C:\\coding\\aeonaxy\\node_modules\\express\\lib\\router\\index.js:47:12)","timestamp":"2024-04-04T03:00:11.219Z"}
{"level":"info","message":"GET /course?duration=6","timestamp":"2024-04-04T03:00:31.553Z"}
{"level":"error","message":"TypeError: Converting circular structure to JSON\n    --> starting at object with constructor 'NativeConnection'\n    |     property 'base' -> object with constructor 'Mongoose'\n    |     property 'connections' -> object with constructor 'Array'\n    --- index 0 closes the circle\n    at JSON.stringify (<anonymous>)\n    at stringify (C:\\coding\\aeonaxy\\node_modules\\express\\lib\\response.js:1159:12)\n    at ServerResponse.json (C:\\coding\\aeonaxy\\node_modules\\express\\lib\\response.js:272:14)\n    at C:\\coding\\aeonaxy\\routes\\courseRoute.js:20:23\n    at process.processTicksAndRejections (node:internal/process/task_queues:95:5)","timestamp":"2024-04-04T03:00:31.557Z"}
{"level":"info","message":"GET /course?duration=6","timestamp":"2024-04-04T03:00:34.105Z"}
{"level":"error","message":"TypeError: Converting circular structure to JSON\n    --> starting at object with constructor 'MongoClient'\n    |     property 's' -> object with constructor 'Object'\n    |     property 'sessionPool' -> object with constructor 'ServerSessionPool'\n    --- property 'client' closes the circle\n    at JSON.stringify (<anonymous>)\n    at stringify (C:\\coding\\aeonaxy\\node_modules\\express\\lib\\response.js:1159:12)\n    at ServerResponse.json (C:\\coding\\aeonaxy\\node_modules\\express\\lib\\response.js:272:14)\n    at C:\\coding\\aeonaxy\\routes\\courseRoute.js:20:23\n    at process.processTicksAndRejections (node:internal/process/task_queues:95:5)","timestamp":"2024-04-04T03:00:34.107Z"}
{"level":"info","message":"GET /course?duration=6","timestamp":"2024-04-04T03:00:35.809Z"}
{"level":"error","message":"TypeError: Converting circular structure to JSON\n    --> starting at object with constructor 'MongoClient'\n    |     property 's' -> object with constructor 'Object'\n    |     property 'sessionPool' -> object with constructor 'ServerSessionPool'\n    --- property 'client' closes the circle\n    at JSON.stringify (<anonymous>)\n    at stringify (C:\\coding\\aeonaxy\\node_modules\\express\\lib\\response.js:1159:12)\n    at ServerResponse.json (C:\\coding\\aeonaxy\\node_modules\\express\\lib\\response.js:272:14)\n    at C:\\coding\\aeonaxy\\routes\\courseRoute.js:20:23\n    at process.processTicksAndRejections (node:internal/process/task_queues:95:5)","timestamp":"2024-04-04T03:00:35.811Z"}
{"level":"info","message":"GET /course?duration=6","timestamp":"2024-04-04T03:01:11.946Z"}
{"level":"info","message":"GET /course?duration=8","timestamp":"2024-04-04T03:01:20.937Z"}
{"level":"info","message":"GET /course?limit=2&page=2","timestamp":"2024-04-04T03:01:38.620Z"}
{"level":"info","message":"POST /user/Registration","timestamp":"2024-04-04T04:19:36.468Z"}
{"level":"error","message":"ValidationError: User validation failed: passwordConfirm: Please confirm your password\n    at Document.invalidate (C:\\coding\\aeonaxy\\node_modules\\mongoose\\lib\\document.js:3200:32)\n    at C:\\coding\\aeonaxy\\node_modules\\mongoose\\lib\\document.js:2993:17\n    at C:\\coding\\aeonaxy\\node_modules\\mongoose\\lib\\schemaType.js:1370:9\n    at process.processTicksAndRejections (node:internal/process/task_queues:77:11)","timestamp":"2024-04-04T04:19:36.481Z"}
{"level":"info","message":"POST /user/Registration","timestamp":"2024-04-04T04:19:37.793Z"}
{"level":"error","message":"ValidationError: User validation failed: passwordConfirm: Please confirm your password\n    at Document.invalidate (C:\\coding\\aeonaxy\\node_modules\\mongoose\\lib\\document.js:3200:32)\n    at C:\\coding\\aeonaxy\\node_modules\\mongoose\\lib\\document.js:2993:17\n    at C:\\coding\\aeonaxy\\node_modules\\mongoose\\lib\\schemaType.js:1370:9\n    at process.processTicksAndRejections (node:internal/process/task_queues:77:11)","timestamp":"2024-04-04T04:19:37.796Z"}
{"level":"info","message":"POST /user/Registration","timestamp":"2024-04-04T04:19:54.578Z"}
{"level":"info","message":"POST /user/Registration","timestamp":"2024-04-04T04:22:06.524Z"}
{"level":"info","message":"POST /user/Registration","timestamp":"2024-04-04T04:22:16.325Z"}
{"level":"info","message":"POST /user/Registration","timestamp":"2024-04-04T04:22:20.418Z"}
{"level":"error","message":"MongoServerError: E11000 duplicate key error collection: test.users index: email_1 dup key: { email: \"dada11@gmail.com\" }\n    at InsertOneOperation.execute (C:\\coding\\aeonaxy\\node_modules\\mongodb\\lib\\operations\\insert.js:48:19)\n    at process.processTicksAndRejections (node:internal/process/task_queues:95:5)\n    at async executeOperationAsync (C:\\coding\\aeonaxy\\node_modules\\mongodb\\lib\\operations\\execute_operation.js:106:16)","timestamp":"2024-04-04T04:22:20.468Z"}
{"level":"info","message":"POST /user/Registration","timestamp":"2024-04-04T04:28:56.803Z"}
{"level":"info","message":"POST /user/buy","timestamp":"2024-04-04T10:59:27.292Z"}
{"level":"info","message":"POST /user/buy","timestamp":"2024-04-04T10:59:31.190Z"}
{"level":"info","message":"POST /user/buy","timestamp":"2024-04-04T11:00:02.629Z"}
{"level":"info","message":"POST /user/buy","timestamp":"2024-04-04T11:00:34.478Z"}
{"level":"info","message":"POST /user/buy","timestamp":"2024-04-04T11:00:38.555Z"}
{"level":"info","message":"POST /user/buy","timestamp":"2024-04-04T11:00:43.071Z"}
{"level":"info","message":"POST /user/buy","timestamp":"2024-04-04T11:00:44.737Z"}
{"level":"info","message":"POST /user/buy","timestamp":"2024-04-04T11:00:45.760Z"}
{"level":"info","message":"POST /user/buy","timestamp":"2024-04-04T11:00:46.801Z"}
{"level":"info","message":"POST /user/buy","timestamp":"2024-04-04T11:00:47.827Z"}
{"level":"info","message":"POST /user/buy","timestamp":"2024-04-04T11:00:48.568Z"}
{"level":"info","message":"POST /user/buy","timestamp":"2024-04-04T11:00:49.217Z"}
{"level":"info","message":"POST /user/buy","timestamp":"2024-04-04T11:00:49.997Z"}
{"level":"info","message":"POST /user/buy","timestamp":"2024-04-04T11:01:16.359Z"}
{"level":"info","message":"POST /user/buy","timestamp":"2024-04-04T11:01:18.816Z"}
{"level":"info","message":"POST /user/buy","timestamp":"2024-04-04T11:01:53.077Z"}
{"level":"info","message":"POST /user/buy","timestamp":"2024-04-04T11:01:54.626Z"}
{"level":"info","message":"POST /user/buy","timestamp":"2024-04-04T11:01:55.571Z"}
{"level":"info","message":"POST /user/buy","timestamp":"2024-04-04T11:01:56.896Z"}
{"level":"info","message":"POST /user/buy","timestamp":"2024-04-04T11:02:04.918Z"}
{"level":"info","message":"POST /user/buy/660d46c1678ce71b4416e56f","timestamp":"2024-04-04T11:02:54.215Z"}
{"level":"info","message":"POST /user/buy/660d46c1678ce71b4416e56f","timestamp":"2024-04-04T11:03:29.581Z"}
{"level":"info","message":"POST /user/buy/660d46c1678ce71b4416e56f","timestamp":"2024-04-04T11:03:30.818Z"}
{"level":"info","message":"POST /user/buy/660d46c1678ce71b4416e56f","timestamp":"2024-04-04T11:04:01.722Z"}
{"level":"info","message":"POST /user/buy/660d46c1678ce71b4416e56f","timestamp":"2024-04-04T11:04:16.185Z"}
{"level":"info","message":"POST /user/buy/660d46c1678ce71b4416e56f","timestamp":"2024-04-04T11:04:17.221Z"}
{"level":"info","message":"POST /user/buy/660d46c1678ce71b4416e56f","timestamp":"2024-04-04T11:04:26.316Z"}
{"level":"info","message":"POST /user/buy/660d46c1678ce71b4416e56f","timestamp":"2024-04-05T03:37:59.270Z"}
{"level":"info","message":"POST /user/buy/660d46c1678ce71b4416e56f","timestamp":"2024-04-05T03:53:57.458Z"}
